---------- Date: 2016-09-22 18:27:12 ~ IP : 109.252.91.168 ----------
REQUEST URI : /ortopedicheskie-izdelija-bandazhi/izdeliya-dla-pozvonochnika/ortezy-kolennye/?yclid=5583308177097624681
MOD DETAILS:
   modFile   : /home/www/z265645/htdocs/ortopedshop.ru/vqmod/xml/customizepricefilter.xml
   id        : Customize Price Filter
   version   : 1.0.0
   vqmver    : 2.4.1
   author    : Ranjeet Kumar Singh

File Name    : catalog/view/theme/*/template/product/category.tpl(0)
VQModObject::applyMod - SEARCH NOT FOUND (ABORTING MOD): <br />
----------------------------------------------------------------------


---------- Date: 2016-09-22 20:05:23 ~ IP : 66.249.76.23 ----------
REQUEST URI : /health-and-sport/
MOD DETAILS:
   modFile   : /home/www/z265645/htdocs/ortopedshop.ru/vqmod/xml/customizepricefilter.xml
   id        : Customize Price Filter
   version   : 1.0.0
   vqmver    : 2.4.1
   author    : Ranjeet Kumar Singh

File Name    : catalog/view/theme/*/template/product/category.tpl(0)
VQModObject::applyMod - SEARCH NOT FOUND (ABORTING MOD): <br />
----------------------------------------------------------------------


---------- Date: 2016-09-22 20:44:39 ~ IP : 91.229.128.203 ----------
REQUEST URI : /ortopedicheskie-izdelija-bandazhi/
MOD DETAILS:
   modFile   : /home/www/z265645/htdocs/ortopedshop.ru/vqmod/xml/customizepricefilter.xml
   id        : Customize Price Filter
   version   : 1.0.0
   vqmver    : 2.4.1
   author    : Ranjeet Kumar Singh

File Name    : catalog/view/theme/*/template/product/category.tpl(0)
VQModObject::applyMod - SEARCH NOT FOUND (ABORTING MOD): <br />
----------------------------------------------------------------------


---------- Date: 2016-09-22 21:08:25 ~ IP : 95.108.133.193 ----------
REQUEST URI : /ortopedicheskie-izdelija-bandazhi/izdeliya-dla-pozvonochnika/ortezy-golenostopnye/?yclid=5591648124767833145
MOD DETAILS:
   modFile   : /home/www/z265645/htdocs/ortopedshop.ru/vqmod/xml/customizepricefilter.xml
   id        : Customize Price Filter
   version   : 1.0.0
   vqmver    : 2.4.1
   author    : Ranjeet Kumar Singh

File Name    : catalog/view/theme/*/template/product/category.tpl(0)
VQModObject::applyMod - SEARCH NOT FOUND (ABORTING MOD): <br />
----------------------------------------------------------------------


---------- Date: 2016-09-22 21:08:57 ~ IP : 95.108.133.193 ----------
REQUEST URI : /ortopedicheskie-izdelija-bandazhi/izdeliya-dla-pozvonochnika/ortezy-golenostopnye/?yclid=5591656338283564135
MOD DETAILS:
   modFile   : /home/www/z265645/htdocs/ortopedshop.ru/vqmod/xml/customizepricefilter.xml
   id        : Customize Price Filter
   version   : 1.0.0
   vqmver    : 2.4.1
   author    : Ranjeet Kumar Singh

File Name    : catalog/view/theme/*/template/product/category.tpl(0)
VQModObject::applyMod - SEARCH NOT FOUND (ABORTING MOD): <br />
----------------------------------------------------------------------


